<?xml version="1.0" encoding="UTF-8"?>
<!-- Generated by org.testng.reporters.JUnitXMLReporter -->
<testsuite ignored="0" hostname="CMDB-218751" failures="1" tests="1" name="Allure Tests" time="10.746" errors="0" timestamp="2026-06-30T18:10:02 QYZT">
  <testcase classname="com.example.AllureTestExample" name="testGoogleSearch" time="0.089">
    <failure type="java.lang.NullPointerException" message="Cannot invoke &amp;quot;org.openqa.selenium.WebDriver.get(String)&amp;quot; because &amp;quot;this.driver&amp;quot; is null">
      <![CDATA[java.lang.NullPointerException: Cannot invoke "org.openqa.selenium.WebDriver.get(String)" because "this.driver" is null
at com.example.AllureTestExample.stepOpenGoogle(AllureTestExample.java:51)
at com.example.AllureTestExample.testGoogleSearch(AllureTestExample.java:44)
at java.base/java.util.ArrayList.forEach(ArrayList.java:1511)
... Removed 31 stack frames]]>
    </failure>
  </testcase> <!-- testGoogleSearch -->
</testsuite> <!-- Allure Tests -->
