<?xml version="1.0" encoding="UTF-8"?>
<testng-results ignored="0" total="1" passed="1" failed="0" skipped="0">
  <reporter-output>
  </reporter-output>
  <suite started-at="2026-06-30T18:03:39 QYZT" name="Allure Example Suite" finished-at="2026-06-30T18:05:23 QYZT" duration-ms="103967">
    <groups>
    </groups>
    <test started-at="2026-06-30T18:03:39 QYZT" name="Allure Tests" finished-at="2026-06-30T18:05:23 QYZT" duration-ms="103967">
      <class name="com.example.AllureTestExample">
        <test-method is-config="true" signature="setUp()[pri:0, instance:com.example.AllureTestExample@1b15f922]" started-at="2026-06-30T18:03:40 QYZT" name="setUp" finished-at="2026-06-30T18:03:52 QYZT" duration-ms="12780" status="PASS">
          <reporter-output>
          </reporter-output>
        </test-method> <!-- setUp -->
        <test-method signature="testGoogleSearch()[pri:0, instance:com.example.AllureTestExample@1b15f922]" started-at="2026-06-30T18:03:53 QYZT" name="testGoogleSearch" description="Search on Google and verify results" finished-at="2026-06-30T18:05:22 QYZT" duration-ms="89857" status="PASS">
          <reporter-output>
          </reporter-output>
        </test-method> <!-- testGoogleSearch -->
        <test-method is-config="true" signature="tearDown()[pri:0, instance:com.example.AllureTestExample@1b15f922]" started-at="2026-06-30T18:05:22 QYZT" name="tearDown" finished-at="2026-06-30T18:05:23 QYZT" duration-ms="829" status="PASS">
          <reporter-output>
          </reporter-output>
        </test-method> <!-- tearDown -->
      </class> <!-- com.example.AllureTestExample -->
    </test> <!-- Allure Tests -->
  </suite> <!-- Allure Example Suite -->
</testng-results>
