<?xml version="1.0" encoding="UTF-8"?>
<testng-results ignored="0" total="1" passed="1" failed="0" skipped="0">
  <reporter-output>
  </reporter-output>
  <suite started-at="2026-06-30T15:43:30 QYZT" name="Allure Example Suite" finished-at="2026-06-30T15:45:17 QYZT" duration-ms="107465">
    <groups>
    </groups>
    <test started-at="2026-06-30T15:43:30 QYZT" name="Allure Tests" finished-at="2026-06-30T15:45:17 QYZT" duration-ms="107465">
      <class name="com.example.AllureTestExample">
        <test-method is-config="true" signature="setUp()[pri:0, instance:com.example.AllureTestExample@563a89b5]" started-at="2026-06-30T15:43:31 QYZT" name="setUp" finished-at="2026-06-30T15:43:45 QYZT" duration-ms="14289" status="PASS">
          <reporter-output>
          </reporter-output>
        </test-method> <!-- setUp -->
        <test-method signature="testGoogleSearch()[pri:0, instance:com.example.AllureTestExample@563a89b5]" started-at="2026-06-30T15:43:45 QYZT" name="testGoogleSearch" description="Search on Google and verify results" finished-at="2026-06-30T15:45:16 QYZT" duration-ms="90387" status="PASS">
          <reporter-output>
          </reporter-output>
        </test-method> <!-- testGoogleSearch -->
        <test-method is-config="true" signature="tearDown()[pri:0, instance:com.example.AllureTestExample@563a89b5]" started-at="2026-06-30T15:45:16 QYZT" name="tearDown" finished-at="2026-06-30T15:45:17 QYZT" duration-ms="1396" status="PASS">
          <reporter-output>
          </reporter-output>
        </test-method> <!-- tearDown -->
      </class> <!-- com.example.AllureTestExample -->
    </test> <!-- Allure Tests -->
  </suite> <!-- Allure Example Suite -->
</testng-results>
